<?xml version="1.0" encoding="UTF-8"?>
<!-- Generated by org.testng.reporters.JUnitReportReporter -->
<testsuite hostname="DESKTOP-HFQTB3K" failures="0" tests="1" name="PostRequests.WaysToCreatePostReq" time="6.387" errors="0" timestamp="2024-05-22T18:16:23 IST" skipped="0">
  <testcase classname="PostRequests.WaysToCreatePostReq" name="ExternalJSONFile" time="6.387"/>
  <system-out/>
</testsuite> <!-- PostRequests.WaysToCreatePostReq -->
