<?xml version="1.0" encoding="UTF-8"?>
<!-- Generated by org.testng.reporters.JUnitReportReporter -->
<testsuite hostname="DESKTOP-HFQTB3K" failures="0" tests="1" name="HttpRequests.GetPostPutDelete" time="5.907" errors="0" timestamp="2024-05-19T11:43:58 IST" skipped="0">
  <testcase classname="HttpRequests.GetPostPutDelete" name="createUser" time="5.907"/>
  <system-out/>
</testsuite> <!-- HttpRequests.GetPostPutDelete -->
